
> bawco-holiday-tracker-frontend@1.0.0 dev
> react-scripts start

(node:57528) [DEP_WEBPACK_DEV_SERVER_ON_AFTER_SETUP_MIDDLEWARE] DeprecationWarning: 'onAfterSetupMiddleware' option is deprecated. Please use the 'setupMiddlewares' option.
(Use `node --trace-deprecation ...` to show where the warning was created)
(node:57528) [DEP_WEBPACK_DEV_SERVER_ON_BEFORE_SETUP_MIDDLEWARE] DeprecationWarning: 'onBeforeSetupMiddleware' option is deprecated. Please use the 'setupMiddlewares' option.
Starting the development server...

Compiled successfully!

You can now view bawco-holiday-tracker-frontend in the browser.

  Local:            http://localhost:3000
  On Your Network:  http://10.0.1.231:3000

Note that the development build is not optimized.
To create a production build, use npm run build.

webpack compiled successfully
Files successfully emitted, waiting for typecheck results...
Issues checking in progress...
No issues found.
(node:57528) [DEP0060] DeprecationWarning: The `util._extend` API is deprecated. Please use Object.assign() instead.
Compiling...
Compiled successfully!
webpack compiled successfully
No issues found.
Compiling...
Compiled successfully!
webpack compiled successfully
No issues found.
Compiling...
Compiled with warnings.

[eslint] 
src/components/HolidayForm.tsx
  Line 1:27:  'useEffect' is defined but never used  @typescript-eslint/no-unused-vars

src/components/HolidayList.tsx
  Line 2:19:  'holidayAPI' is defined but never used  @typescript-eslint/no-unused-vars

Search for the keywords to learn more about each warning.
To ignore, add // eslint-disable-next-line to the line before.

WARNING in [eslint] 
src/components/HolidayForm.tsx
  Line 1:27:  'useEffect' is defined but never used  @typescript-eslint/no-unused-vars

src/components/HolidayList.tsx
  Line 2:19:  'holidayAPI' is defined but never used  @typescript-eslint/no-unused-vars

webpack compiled with 1 warning
No issues found.
